2021-07-29 07:19:07,402 INFO org.springframework.boot.web.servlet.context.ServletWebServerApplicationContext [restartedMain] Root WebApplicationContext: initialization completed in 1129 ms
2021-07-29 07:19:08,266 INFO org.springframework.boot.devtools.autoconfigure.OptionalLiveReloadServer [restartedMain] LiveReload server is running on port 35729
2021-07-29 07:19:08,312 INFO org.springframework.boot.web.embedded.tomcat.TomcatWebServer [restartedMain] Tomcat started on port(s): 8080 (http) with context path ''
2021-07-29 07:19:08,323 INFO com.example.log.LogApplication [restartedMain] Started LogApplication in 2.536 seconds (JVM running for 3.517)
2021-07-29 07:19:12,534 INFO org.apache.catalina.core.ContainerBase.[Tomcat].[localhost].[/] [http-nio-8080-exec-1] Initializing Spring DispatcherServlet 'dispatcherServlet'
2021-07-29 07:19:12,536 INFO org.springframework.web.servlet.DispatcherServlet [http-nio-8080-exec-1] Initializing Servlet 'dispatcherServlet'
2021-07-29 07:19:12,537 INFO org.springframework.web.servlet.DispatcherServlet [http-nio-8080-exec-1] Completed initialization in 1 ms
2021-07-29 07:19:12,555 TRACE com.example.log.ControllerLog [http-nio-8080-exec-1] A TRACE Message
2021-07-29 07:19:12,555 DEBUG com.example.log.ControllerLog [http-nio-8080-exec-1] A DEBUG Message
2021-07-29 07:19:12,556 INFO com.example.log.ControllerLog [http-nio-8080-exec-1] An INFO Message
2021-07-29 07:19:12,556 WARN com.example.log.ControllerLog [http-nio-8080-exec-1] A WARN Message
2021-07-29 07:19:12,556 ERROR com.example.log.ControllerLog [http-nio-8080-exec-1] An ERROR Message
2021-07-29 07:26:44,824 INFO com.example.log.LogApplication [restartedMain] Starting LogApplication using Java 16.0.1 on DESKTOP-DTFL9FU with PID 4208 (C:\Users\HASSAN\tttt\target\classes started by HASSAN in C:\Users\HASSAN\tttt)
2021-07-29 07:26:44,826 DEBUG com.example.log.LogApplication [restartedMain] Running with Spring Boot v2.5.3, Spring v5.3.9
2021-07-29 07:26:44,826 INFO com.example.log.LogApplication [restartedMain] No active profile set, falling back to default profiles: default
2021-07-29 07:26:47,103 INFO com.example.log.LogApplication [restartedMain] Started LogApplication in 2.665 seconds (JVM running for 3.601)
2021-07-29 07:56:00,485 DEBUG com.example.log.ControllerLog [http-nio-8080-exec-1] A DEBUG Message
2021-07-29 07:56:00,485 INFO com.example.log.ControllerLog [http-nio-8080-exec-1] An INFO Message
2021-07-29 07:56:00,485 WARN com.example.log.ControllerLog [http-nio-8080-exec-1] A WARN Message
2021-07-29 07:56:00,485 ERROR com.example.log.ControllerLog [http-nio-8080-exec-1] An ERROR Message
