2021-07-29 07:18:43,515 DEBUG org.apache.tomcat.util.net.NioEndpoint [http-nio-8080-Poller] timeout completed: keys processed=3; now=1627543123515; nextExpiration=1627543123505; keyCount=0; hasEvents=false; eval=false
2021-07-29 07:18:44,530 DEBUG org.apache.tomcat.util.net.NioEndpoint [http-nio-8080-Poller] timeout completed: keys processed=3; now=1627543124530; nextExpiration=1627543124515; keyCount=0; hasEvents=false; eval=false
2021-07-29 07:18:45,538 DEBUG org.apache.tomcat.util.net.NioEndpoint [http-nio-8080-Poller] timeout completed: keys processed=3; now=1627543125538; nextExpiration=1627543125530; keyCount=0; hasEvents=false; eval=false
2021-07-29 07:18:46,543 DEBUG org.apache.tomcat.util.net.NioEndpoint [http-nio-8080-Poller] timeout completed: keys processed=3; now=1627543126543; nextExpiration=1627543126538; keyCount=0; hasEvents=false; eval=false
2021-07-29 07:18:47,558 DEBUG org.apache.tomcat.util.net.NioEndpoint [http-nio-8080-Poller] timeout completed: keys processed=3; now=1627543127558; nextExpiration=1627543127543; keyCount=0; hasEvents=false; eval=false
2021-07-29 07:18:47,907 DEBUG org.apache.coyote.http11.Http11InputBuffer [http-nio-8080-exec-2] Before fill(): parsingHeader: [true], parsingRequestLine: [true], parsingRequestLinePhase: [0], parsingRequestLineStart: [0], byteBuffer.position(): [0], byteBuffer.limit(): [0], end: [773]
2021-07-29 07:18:47,908 DEBUG org.apache.tomcat.util.net.SocketWrapperBase [http-nio-8080-exec-2] Socket: [org.apache.tomcat.util.net.NioEndpoint$NioSocketWrapper@49392ab9:org.apache.tomcat.util.net.NioChannel@6785455f:java.nio.channels.SocketChannel[connected local=/127.0.0.1:8080 remote=/127.0.0.1:55585]], Read from buffer: [0]
2021-07-29 07:18:47,909 DEBUG org.apache.tomcat.util.net.NioEndpoint [http-nio-8080-exec-2] Socket: [org.apache.tomcat.util.net.NioEndpoint$NioSocketWrapper@49392ab9:org.apache.tomcat.util.net.NioChannel@6785455f:java.nio.channels.SocketChannel[connected local=/127.0.0.1:8080 remote=/127.0.0.1:55585]], Read direct from socket: [773]
2021-07-29 07:18:47,910 DEBUG org.apache.coyote.http11.Http11InputBuffer [http-nio-8080-exec-2] Received [GET /log HTTP/1.1
Host: localhost:8080
Connection: keep-alive
Cache-Control: max-age=0
sec-ch-ua: "Chromium";v="92", " Not A;Brand";v="99", "Google Chrome";v="92"
sec-ch-ua-mobile: ?0
Upgrade-Insecure-Requests: 1
User-Agent: Mozilla/5.0 (Windows NT 10.0; Win64; x64) AppleWebKit/537.36 (KHTML, like Gecko) Chrome/92.0.4515.107 Safari/537.36
Accept: text/html,application/xhtml+xml,application/xml;q=0.9,image/avif,image/webp,image/apng,*/*;q=0.8,application/signed-exchange;v=b3;q=0.9
Sec-Fetch-Site: none
Sec-Fetch-Mode: navigate
Sec-Fetch-User: ?1
Sec-Fetch-Dest: document
Accept-Encoding: gzip, deflate, br
Accept-Language: en-US,en;q=0.9,ar;q=0.8
Cookie: Idea-20949ae5=c313ca37-06a1-43ec-b9ab-22e5c6d3c5f2; JSESSIONID=3F7D70F1697906E59364AEF7B615DA90

]
2021-07-29 07:18:47,911 DEBUG org.apache.tomcat.util.http.Rfc6265CookieProcessor [http-nio-8080-exec-2] Cookies: Parsing b[]: Idea-20949ae5=c313ca37-06a1-43ec-b9ab-22e5c6d3c5f2; JSESSIONID=3F7D70F1697906E59364AEF7B615DA90
2021-07-29 07:18:47,911 DEBUG org.apache.catalina.connector.CoyoteAdapter [http-nio-8080-exec-2]  Requested cookie session id is 3F7D70F1697906E59364AEF7B615DA90
2021-07-29 07:18:47,912 DEBUG org.apache.catalina.authenticator.AuthenticatorBase [http-nio-8080-exec-2] Security checking request GET /log
2021-07-29 07:18:47,912 DEBUG org.apache.catalina.realm.RealmBase [http-nio-8080-exec-2]   No applicable constraints defined
2021-07-29 07:18:47,912 DEBUG org.apache.catalina.authenticator.AuthenticatorBase [http-nio-8080-exec-2] Not subject to any constraint
2021-07-29 07:18:47,912 DEBUG org.apache.catalina.core.StandardWrapper [http-nio-8080-exec-2]   Returning non-STM instance
2021-07-29 07:18:47,912 TRACE org.springframework.boot.web.servlet.filter.OrderedRequestContextFilter [http-nio-8080-exec-2] Bound request context to thread: org.apache.catalina.connector.RequestFacade@2f45175
2021-07-29 07:18:47,913 DEBUG org.apache.tomcat.util.http.Parameters [http-nio-8080-exec-2] Set encoding to UTF-8
2021-07-29 07:18:47,913 TRACE org.springframework.web.servlet.DispatcherServlet [http-nio-8080-exec-2] GET "/log", parameters={}, headers={masked} in DispatcherServlet 'dispatcherServlet'
2021-07-29 07:18:47,913 TRACE org.springframework.beans.factory.support.DefaultListableBeanFactory [http-nio-8080-exec-2] Returning cached instance of singleton bean 'controllerLog'
2021-07-29 07:18:47,913 TRACE org.springframework.web.servlet.mvc.method.annotation.RequestMappingHandlerMapping [http-nio-8080-exec-2] Mapped to com.example.log.ControllerLog#index()
2021-07-29 07:18:47,914 TRACE org.springframework.web.method.HandlerMethod [http-nio-8080-exec-2] Arguments: []
2021-07-29 07:18:47,914 TRACE com.example.log.ControllerLog [http-nio-8080-exec-2] A TRACE Message
2021-07-29 07:18:47,914 DEBUG com.example.log.ControllerLog [http-nio-8080-exec-2] A DEBUG Message
2021-07-29 07:18:47,914 INFO com.example.log.ControllerLog [http-nio-8080-exec-2] An INFO Message
2021-07-29 07:18:47,914 WARN com.example.log.ControllerLog [http-nio-8080-exec-2] A WARN Message
2021-07-29 07:18:47,914 ERROR com.example.log.ControllerLog [http-nio-8080-exec-2] An ERROR Message
2021-07-29 07:18:47,916 DEBUG org.springframework.web.servlet.mvc.method.annotation.RequestResponseBodyMethodProcessor [http-nio-8080-exec-2] Using 'text/html', given [text/html, application/xhtml+xml, image/avif, image/webp, image/apng, application/xml;q=0.9, application/signed-exchange;v=b3;q=0.9, */*;q=0.8] and supported [text/plain, */*, text/plain, */*, application/json, application/*+json, application/json, application/*+json]
2021-07-29 07:18:47,916 TRACE org.springframework.web.servlet.mvc.method.annotation.RequestResponseBodyMethodProcessor [http-nio-8080-exec-2] Writing ["Howdy! Check out the Logs to see the output..."]
2021-07-29 07:18:47,917 DEBUG org.apache.tomcat.util.net.NioEndpoint [http-nio-8080-exec-2] Registered write interest for [org.apache.tomcat.util.net.NioEndpoint$NioSocketWrapper@49392ab9:org.apache.tomcat.util.net.NioChannel@6785455f:java.nio.channels.SocketChannel[connected local=/127.0.0.1:8080 remote=/127.0.0.1:55585]]
2021-07-29 07:18:47,918 TRACE org.springframework.web.servlet.mvc.method.annotation.RequestMappingHandlerAdapter [http-nio-8080-exec-2] Applying default cacheSeconds=-1
2021-07-29 07:18:47,918 TRACE org.springframework.web.servlet.DispatcherServlet [http-nio-8080-exec-2] No view rendering, null ModelAndView returned.
2021-07-29 07:18:47,918 DEBUG org.springframework.web.servlet.DispatcherServlet [http-nio-8080-exec-2] Completed 200 OK, headers={masked}
2021-07-29 07:18:47,918 TRACE org.springframework.boot.web.servlet.filter.OrderedRequestContextFilter [http-nio-8080-exec-2] Cleared thread-bound request context: org.apache.catalina.connector.RequestFacade@2f45175
2021-07-29 07:18:47,918 DEBUG org.apache.tomcat.util.net.NioEndpoint [http-nio-8080-exec-2] Registered write interest for [org.apache.tomcat.util.net.NioEndpoint$NioSocketWrapper@49392ab9:org.apache.tomcat.util.net.NioChannel@6785455f:java.nio.channels.SocketChannel[connected local=/127.0.0.1:8080 remote=/127.0.0.1:55585]]
